{"I:\\Разработка сайтов\\Продвижение вперед 22.10.21\\Нетолгия\\Домашки продвинутый js в браузере\\game-random-goblin\\src\\js\\randomNum.js": {"path":"I:\\Разработка сайтов\\Продвижение вперед 22.10.21\\Нетолгия\\Домашки продвинутый js в браузере\\game-random-goblin\\src\\js\\randomNum.js","statementMap":{"0":{"start":{"line":3,"column":4},"end":{"line":3,"column":21}},"1":{"start":{"line":4,"column":4},"end":{"line":4,"column":24}},"2":{"start":{"line":8,"column":4},"end":{"line":10,"column":9}},"3":{"start":{"line":9,"column":6},"end":{"line":9,"column":56}},"4":{"start":{"line":14,"column":4},"end":{"line":24,"column":7}},"5":{"start":{"line":15,"column":21},"end":{"line":15,"column":50}},"6":{"start":{"line":17,"column":6},"end":{"line":23,"column":7}},"7":{"start":{"line":18,"column":8},"end":{"line":18,"column":34}},"8":{"start":{"line":20,"column":8},"end":{"line":20,"column":30}},"9":{"start":{"line":22,"column":8},"end":{"line":22,"column":24}}},"fnMap":{"0":{"name":"(anonymous_0)","decl":{"start":{"line":2,"column":2},"end":{"line":2,"column":3}},"loc":{"start":{"line":2,"column":20},"end":{"line":5,"column":3}},"line":2},"1":{"name":"(anonymous_1)","decl":{"start":{"line":7,"column":2},"end":{"line":7,"column":3}},"loc":{"start":{"line":7,"column":35},"end":{"line":11,"column":3}},"line":7},"2":{"name":"generateNum","decl":{"start":{"line":8,"column":22},"end":{"line":8,"column":33}},"loc":{"start":{"line":8,"column":36},"end":{"line":10,"column":5}},"line":8},"3":{"name":"(anonymous_3)","decl":{"start":{"line":13,"column":2},"end":{"line":13,"column":3}},"loc":{"start":{"line":13,"column":14},"end":{"line":25,"column":3}},"line":13},"4":{"name":"(anonymous_4)","decl":{"start":{"line":14,"column":23},"end":{"line":14,"column":24}},"loc":{"start":{"line":14,"column":36},"end":{"line":24,"column":5}},"line":14}},"branchMap":{"0":{"loc":{"start":{"line":7,"column":12},"end":{"line":7,"column":33}},"type":"default-arg","locations":[{"start":{"line":7,"column":24},"end":{"line":7,"column":33}}],"line":7},"1":{"loc":{"start":{"line":17,"column":6},"end":{"line":23,"column":7}},"type":"if","locations":[{"start":{"line":17,"column":6},"end":{"line":23,"column":7}},{"start":{"line":19,"column":13},"end":{"line":23,"column":7}}],"line":17}},"s":{"0":1,"1":1,"2":4,"3":4,"4":4,"5":4,"6":4,"7":0,"8":4,"9":4},"f":{"0":1,"1":4,"2":4,"3":4,"4":4},"b":{"0":[4],"1":[0,4]},"_coverageSchema":"1a1c01bbd47fc00a2c39e90264f33305004495a9","hash":"00e6ef9b36b5d3b88bb56fa048f5b084ffd1d1b9"}
}
